Start testing: Apr 10 17:00 RTZ 2 (����)
----------------------------------------------------------
1/28 Testing: test_config
1/28 Test: test_config
Command: "C:/Users/Alexey/Desktop/min/vNE/RBS/RBS/build-asn1/tests/Debug/test_config.exe"
Directory: C:/Users/Alexey/Desktop/min/vNE/RBS/RBS/build-asn1/tests
"test_config" start time: Apr 10 17:00 RTZ 2 (����)
Output:
----------------------------------------------------------
[97m2026-04-10 17:00:58.839[0m [93m[INFO ][0m [38;5;153m[Config] Loaded configuration from test_tmp.conf[0m
test_config PASSED
<end of output>
Test time =   0.03 sec
----------------------------------------------------------
Test Passed.
"test_config" end time: Apr 10 17:00 RTZ 2 (����)
"test_config" time elapsed: 00:00:00
----------------------------------------------------------

2/28 Testing: test_gsm_phy
2/28 Test: test_gsm_phy
Command: "C:/Users/Alexey/Desktop/min/vNE/RBS/RBS/build-asn1/tests/Debug/test_gsm_phy.exe"
Directory: C:/Users/Alexey/Desktop/min/vNE/RBS/RBS/build-asn1/tests
"test_gsm_phy" start time: Apr 10 17:00 RTZ 2 (����)
Output:
----------------------------------------------------------
[97m2026-04-10 17:00:58.855[0m [93m[INFO ][0m [38;5;153m[RFHardware] Initialising RF frontend (Tx=[92m2[38;5;153m Rx=[92m2[38;5;153m)[0m
[97m2026-04-10 17:00:58.855[0m [93m[INFO ][0m [38;5;153m[RFHardware] RF frontend initialised successfully[0m
[97m2026-04-10 17:00:58.856[0m [93m[INFO ][0m [38;5;153m[GSMPhy] Started – ARFCN=[92m60[38;5;153m DL=[92m947 MHz[38;5;153m UL=[92m902 MHz[38;5;153m[0m
[97m2026-04-10 17:00:58.856[0m [93m[INFO ][0m [38;5;153m[GSMPhy] Stopped[0m
[97m2026-04-10 17:00:58.856[0m [93m[INFO ][0m [38;5;153m[RFHardware] Shutting down RF frontend[0m
test_gsm_phy PASSED
<end of output>
Test time =   0.01 sec
----------------------------------------------------------
Test Passed.
"test_gsm_phy" end time: Apr 10 17:00 RTZ 2 (����)
"test_gsm_phy" time elapsed: 00:00:00
----------------------------------------------------------

3/28 Testing: test_lte_mac
3/28 Test: test_lte_mac
Command: "C:/Users/Alexey/Desktop/min/vNE/RBS/RBS/build-asn1/tests/Debug/test_lte_mac.exe"
Directory: C:/Users/Alexey/Desktop/min/vNE/RBS/RBS/build-asn1/tests
"test_lte_mac" start time: Apr 10 17:00 RTZ 2 (����)
Output:
----------------------------------------------------------
[97m2026-04-10 17:00:58.869[0m [93m[INFO ][0m [38;5;153m[RFHardware] Initialising RF frontend (Tx=[92m2[38;5;153m Rx=[92m4[38;5;153m)[0m
[97m2026-04-10 17:00:58.870[0m [93m[INFO ][0m [38;5;153m[RFHardware] RF frontend initialised successfully[0m
[97m2026-04-10 17:00:58.870[0m [93m[INFO ][0m [38;5;153m[LTEPhy] Started – EARFCN=[92m1800[38;5;153m PCI=[92m300[38;5;153m BW=[92m100[38;5;153m RBs DL=[92m1865 MHz[38;5;153m Antennas=[92m2[38;5;153m[0m
[97m2026-04-10 17:00:58.870[0m [93m[INFO ][0m [38;5;153m[LTEMAC] Started – CellId=[92m3[38;5;153m PCI=[92m300[38;5;153m RBs=[92m100[38;5;153m[0m
[97m2026-04-10 17:00:58.870[0m [93m[INFO ][0m [38;5;153m[LTEMAC] UE admitted RNTI=[92m1[38;5;153m CQI=[92m9[38;5;153m[0m
[97m2026-04-10 17:00:58.870[0m [93m[INFO ][0m [38;5;153m[LTEMAC] UE admitted RNTI=[92m2[38;5;153m CQI=[92m11[38;5;153m[0m
[97m2026-04-10 17:00:58.870[0m [93m[INFO ][0m [38;5;153m[LTEMAC] UE admitted RNTI=[92m3[38;5;153m CQI=[92m7[38;5;153m[0m
[97m2026-04-10 17:00:58.870[0m [93m[INFO ][0m [38;5;153m[LTEMAC] UE released RNTI=[92m2[38;5;153m[0m
[97m2026-04-10 17:00:58.870[0m [93m[INFO ][0m [38;5;153m[LTEMAC] Stopped[0m
[97m2026-04-10 17:00:58.870[0m [93m[INFO ][0m [38;5;153m[LTEPhy] Stopped[0m
[97m2026-04-10 17:00:58.870[0m [93m[INFO ][0m [38;5;153m[RFHardware] Shutting down RF frontend[0m
test_lte_mac PASSED
<end of output>
Test time =   0.01 sec
----------------------------------------------------------
Test Passed.
"test_lte_mac" end time: Apr 10 17:00 RTZ 2 (����)
"test_lte_mac" time elapsed: 00:00:00
----------------------------------------------------------

4/28 Testing: test_pdcp
4/28 Test: test_pdcp
Command: "C:/Users/Alexey/Desktop/min/vNE/RBS/RBS/build-asn1/tests/Debug/test_pdcp.exe"
Directory: C:/Users/Alexey/Desktop/min/vNE/RBS/RBS/build-asn1/tests
"test_pdcp" start time: Apr 10 17:00 RTZ 2 (����)
Output:
----------------------------------------------------------
test_pdcp PASSED
<end of output>
Test time =   0.02 sec
----------------------------------------------------------
Test Passed.
"test_pdcp" end time: Apr 10 17:00 RTZ 2 (����)
"test_pdcp" time elapsed: 00:00:00
----------------------------------------------------------

5/28 Testing: test_lte_phy
5/28 Test: test_lte_phy
Command: "C:/Users/Alexey/Desktop/min/vNE/RBS/RBS/build-asn1/tests/Debug/test_lte_phy.exe"
Directory: C:/Users/Alexey/Desktop/min/vNE/RBS/RBS/build-asn1/tests
"test_lte_phy" start time: Apr 10 17:00 RTZ 2 (����)
Output:
----------------------------------------------------------
[97m2026-04-10 17:00:58.902[0m [93m[INFO ][0m [38;5;153m[RFHardware] Initialising RF frontend (Tx=[92m2[38;5;153m Rx=[92m4[38;5;153m)[0m
[97m2026-04-10 17:00:58.903[0m [93m[INFO ][0m [38;5;153m[RFHardware] RF frontend initialised successfully[0m
[97m2026-04-10 17:00:58.903[0m [93m[INFO ][0m [38;5;153m[LTEPhy] Started – EARFCN=[92m3100[38;5;153m PCI=[92m100[38;5;153m BW=[92m50[38;5;153m RBs DL=[92m1995 MHz[38;5;153m Antennas=[92m2[38;5;153m[0m
[97m2026-04-10 17:00:58.951[0m [93m[INFO ][0m [38;5;153m[LTEPhy] Stopped[0m
[97m2026-04-10 17:00:58.951[0m [93m[INFO ][0m [38;5;153m[RFHardware] Shutting down RF frontend[0m
test_lte_phy PASSED
<end of output>
Test time =   0.06 sec
----------------------------------------------------------
Test Passed.
"test_lte_phy" end time: Apr 10 17:00 RTZ 2 (����)
"test_lte_phy" time elapsed: 00:00:00
----------------------------------------------------------

6/28 Testing: test_lte_rlc
6/28 Test: test_lte_rlc
Command: "C:/Users/Alexey/Desktop/min/vNE/RBS/RBS/build-asn1/tests/Debug/test_lte_rlc.exe"
Directory: C:/Users/Alexey/Desktop/min/vNE/RBS/RBS/build-asn1/tests
"test_lte_rlc" start time: Apr 10 17:00 RTZ 2 (����)
Output:
----------------------------------------------------------
test_lte_rlc PASSED
<end of output>
Test time =   0.01 sec
----------------------------------------------------------
Test Passed.
"test_lte_rlc" end time: Apr 10 17:00 RTZ 2 (����)
"test_lte_rlc" time elapsed: 00:00:00
----------------------------------------------------------

7/28 Testing: test_umts_mac
7/28 Test: test_umts_mac
Command: "C:/Users/Alexey/Desktop/min/vNE/RBS/RBS/build-asn1/tests/Debug/test_umts_mac.exe"
Directory: C:/Users/Alexey/Desktop/min/vNE/RBS/RBS/build-asn1/tests
"test_umts_mac" start time: Apr 10 17:00 RTZ 2 (����)
Output:
----------------------------------------------------------
[97m2026-04-10 17:00:58.980[0m [93m[INFO ][0m [38;5;153m[RFHardware] Initialising RF frontend (Tx=[92m2[38;5;153m Rx=[92m4[38;5;153m)[0m
[97m2026-04-10 17:00:58.981[0m [93m[INFO ][0m [38;5;153m[RFHardware] RF frontend initialised successfully[0m
[97m2026-04-10 17:00:58.981[0m [93m[INFO ][0m [38;5;153m[UMTSPhy] Started – UARFCN=[92m10700[38;5;153m PSC=[92m42[38;5;153m DL=[92m2140 MHz[38;5;153m[0m
[97m2026-04-10 17:00:58.981[0m [93m[INFO ][0m [38;5;153m[UMTSMAC] Started – CellId=[92m2[38;5;153m PSC=[92m42[38;5;153m[0m
[97m2026-04-10 17:00:58.981[0m [93m[INFO ][0m [38;5;153m[UMTSMAC] DCH assigned RNTI=[92m1[38;5;153m code=[92m4[38;5;153m SF=[92m16[38;5;153m[0m
[97m2026-04-10 17:00:58.981[0m [93m[INFO ][0m [38;5;153m[UMTSMAC] DCH assigned RNTI=[92m2[38;5;153m code=[92m5[38;5;153m SF=[92m32[38;5;153m[0m
[97m2026-04-10 17:00:58.981[0m [93m[INFO ][0m [38;5;153m[UMTSMAC] DCH assigned RNTI=[92m3[38;5;153m code=[92m6[38;5;153m SF=[92m16[38;5;153m[0m
[97m2026-04-10 17:00:58.981[0m [93m[INFO ][0m [38;5;153m[UMTSMAC] DCH released RNTI=[92m2[38;5;153m[0m
[97m2026-04-10 17:00:58.981[0m [93m[INFO ][0m [38;5;153m[UMTSMAC] DCH assigned RNTI=[92m4[38;5;153m code=[92m7[38;5;153m SF=[92m16[38;5;153m[0m
[97m2026-04-10 17:00:58.981[0m [93m[INFO ][0m [38;5;153m[UMTSMAC] DCH released RNTI=[92m1[38;5;153m[0m
[97m2026-04-10 17:00:58.981[0m [93m[INFO ][0m [38;5;153m[UMTSMAC] DCH released RNTI=[92m3[38;5;153m[0m
[97m2026-04-10 17:00:58.981[0m [93m[INFO ][0m [38;5;153m[UMTSMAC] DCH released RNTI=[92m4[38;5;153m[0m
[97m2026-04-10 17:00:58.981[0m [93m[INFO ][0m [38;5;153m[UMTSMAC] Stopped[0m
[97m2026-04-10 17:00:58.981[0m [93m[INFO ][0m [38;5;153m[UMTSPhy] Stopped[0m
[97m2026-04-10 17:00:58.981[0m [93m[INFO ][0m [38;5;153m[RFHardware] Shutting down RF frontend[0m
test_umts_mac PASSED
<end of output>
Test time =   0.01 sec
----------------------------------------------------------
Test Passed.
"test_umts_mac" end time: Apr 10 17:00 RTZ 2 (����)
"test_umts_mac" time elapsed: 00:00:00
----------------------------------------------------------

8/28 Testing: test_s1ap_codec
8/28 Test: test_s1ap_codec
Command: "C:/Users/Alexey/Desktop/min/vNE/RBS/RBS/build-asn1/tests/Debug/test_s1ap_codec.exe"
Directory: C:/Users/Alexey/Desktop/min/vNE/RBS/RBS/build-asn1/tests
"test_s1ap_codec" start time: Apr 10 17:00 RTZ 2 (����)
Output:
----------------------------------------------------------
test_s1ap_codec PASSED
<end of output>
Test time =   0.01 sec
----------------------------------------------------------
Test Passed.
"test_s1ap_codec" end time: Apr 10 17:00 RTZ 2 (����)
"test_s1ap_codec" time elapsed: 00:00:00
----------------------------------------------------------

9/28 Testing: test_x2ap_codec
9/28 Test: test_x2ap_codec
Command: "C:/Users/Alexey/Desktop/min/vNE/RBS/RBS/build-asn1/tests/Debug/test_x2ap_codec.exe"
Directory: C:/Users/Alexey/Desktop/min/vNE/RBS/RBS/build-asn1/tests
"test_x2ap_codec" start time: Apr 10 17:00 RTZ 2 (����)
Output:
----------------------------------------------------------
test_x2ap_codec PASSED
<end of output>
Test time =   0.01 sec
----------------------------------------------------------
Test Passed.
"test_x2ap_codec" end time: Apr 10 17:00 RTZ 2 (����)
"test_x2ap_codec" time elapsed: 00:00:00
----------------------------------------------------------

10/28 Testing: test_nbap_codec
10/28 Test: test_nbap_codec
Command: "C:/Users/Alexey/Desktop/min/vNE/RBS/RBS/build-asn1/tests/Debug/test_nbap_codec.exe"
Directory: C:/Users/Alexey/Desktop/min/vNE/RBS/RBS/build-asn1/tests
"test_nbap_codec" start time: Apr 10 17:00 RTZ 2 (����)
Output:
----------------------------------------------------------
test_nbap_codec PASSED
<end of output>
Test time =   0.01 sec
----------------------------------------------------------
Test Passed.
"test_nbap_codec" end time: Apr 10 17:00 RTZ 2 (����)
"test_nbap_codec" time elapsed: 00:00:00
----------------------------------------------------------

11/28 Testing: test_gtp_u
11/28 Test: test_gtp_u
Command: "C:/Users/Alexey/Desktop/min/vNE/RBS/RBS/build-asn1/tests/Debug/test_gtp_u.exe"
Directory: C:/Users/Alexey/Desktop/min/vNE/RBS/RBS/build-asn1/tests
"test_gtp_u" start time: Apr 10 17:00 RTZ 2 (����)
Output:
----------------------------------------------------------
[97m2026-04-10 17:00:59.032[0m [95m[WARN ][0m [38;5;153m[GTP-U] слишком короткий пакет: {} байт[92m4[38;5;153m[0m
[97m2026-04-10 17:00:59.033[0m [95m[WARN ][0m [38;5;153m[GTP-U] неверный flags=[92m0[38;5;153mx{:[92m02[38;5;153mX} (ожидается [92m0[38;5;153mx{:[92m02[38;5;153mX}) [92m0[38;5;153m[0m
[97m2026-04-10 17:00:59.033[0m [95m[WARN ][0m [38;5;153m[GTP-U] неверный msgType=[92m0[38;5;153mx{:[92m02[38;5;153mX} (только T-PDU поддерживается)[0m
test_gtp_u PASSED
<end of output>
Test time =   0.01 sec
----------------------------------------------------------
Test Passed.
"test_gtp_u" end time: Apr 10 17:00 RTZ 2 (����)
"test_gtp_u" time elapsed: 00:00:00
----------------------------------------------------------

12/28 Testing: test_lte_stack
12/28 Test: test_lte_stack
Command: "C:/Users/Alexey/Desktop/min/vNE/RBS/RBS/build-asn1/tests/Debug/test_lte_stack.exe"
Directory: C:/Users/Alexey/Desktop/min/vNE/RBS/RBS/build-asn1/tests
"test_lte_stack" start time: Apr 10 17:00 RTZ 2 (����)
Output:
----------------------------------------------------------
[97m2026-04-10 17:00:59.045[0m [93m[INFO ][0m [38;5;153m[RFHardware] Initialising RF frontend (Tx=[92m2[38;5;153m Rx=[92m4[38;5;153m)[0m
[97m2026-04-10 17:00:59.045[0m [93m[INFO ][0m [38;5;153m[RFHardware] RF frontend initialised successfully[0m
[97m2026-04-10 17:00:59.045[0m [93m[INFO ][0m [38;5;153m[LTEPhy] Started – EARFCN=[92m1800[38;5;153m PCI=[92m100[38;5;153m BW=[92m50[38;5;153m RBs DL=[92m1865 MHz[38;5;153m Antennas=[92m2[38;5;153m[0m
[97m2026-04-10 17:00:59.045[0m [93m[INFO ][0m [38;5;153m[LTEMAC] Started – CellId=[92m1[38;5;153m PCI=[92m100[38;5;153m RBs=[92m50[38;5;153m[0m
[97m2026-04-10 17:00:59.046[0m [93m[INFO ][0m [38;5;153m[LTEStack] LTE cell [92m1[38;5;153m started (PCI=[92m100[38;5;153m, BW=[92m50[38;5;153m RBs)[0m
[97m2026-04-10 17:00:59.075[0m [93m[INFO ][0m [38;5;153m[LTEMAC] UE admitted RNTI=[92m1[38;5;153m CQI=[92m10[38;5;153m[0m
[97m2026-04-10 17:00:59.076[0m [93m[INFO ][0m [38;5;153m[LteRRC] RRC Connection Setup → UE rnti={} imsi={} SRB[92m1[38;5;153m active PDU len={}[92m11234567890123455[38;5;153m[0m
[97m2026-04-10 17:00:59.076[0m [93m[INFO ][0m [38;5;153m[LTEStack] UE admitted IMSI=[92m123456789012345[38;5;153m RNTI=[92m1[38;5;153m CQI=[92m10[38;5;153m[0m
[97m2026-04-10 17:00:59.076[0m [93m[INFO ][0m [38;5;153m[LTEMAC] UE admitted RNTI=[92m2[38;5;153m CQI=[92m7[38;5;153m[0m
[97m2026-04-10 17:00:59.076[0m [93m[INFO ][0m [38;5;153m[LteRRC] RRC Connection Setup → UE rnti={} imsi={} SRB[92m1[38;5;153m active PDU len={}[92m29990000000000015[38;5;153m[0m
[97m2026-04-10 17:00:59.076[0m [93m[INFO ][0m [38;5;153m[LTEStack] UE admitted IMSI=[92m999000000000001[38;5;153m RNTI=[92m2[38;5;153m CQI=[92m7[38;5;153m[0m
[97m2026-04-10 17:00:59.091[0m [93m[INFO ][0m [38;5;153m[LteRRC] RRC Connection Release → UE rnti={} PDU len={}[92m13[38;5;153m[0m
[97m2026-04-10 17:00:59.091[0m [93m[INFO ][0m [38;5;153m[LTEMAC] UE released RNTI=[92m1[38;5;153m[0m
[97m2026-04-10 17:00:59.091[0m [93m[INFO ][0m [38;5;153m[LTEStack] UE released RNTI=[92m1[38;5;153m[0m
[97m2026-04-10 17:00:59.091[0m [93m[INFO ][0m [38;5;153m[LteRRC] RRC Connection Release → UE rnti={} PDU len={}[92m23[38;5;153m[0m
[97m2026-04-10 17:00:59.091[0m [93m[INFO ][0m [38;5;153m[LTEMAC] UE released RNTI=[92m2[38;5;153m[0m
[97m2026-04-10 17:00:59.091[0m [93m[INFO ][0m [38;5;153m[LTEStack] UE released RNTI=[92m2[38;5;153m[0m
[97m2026-04-10 17:00:59.091[0m [93m[INFO ][0m [38;5;153m[LTEStack] Cell=[92m1[38;5;153m EARFCN=[92m1800[38;5;153m PCI=[92m100[38;5;153m UEs=[92m0[38;5;153m SFN=[92m0[38;5;153m[0m
[97m2026-04-10 17:00:59.107[0m [93m[INFO ][0m [38;5;153m[LTEMAC] Stopped[0m
[97m2026-04-10 17:00:59.107[0m [93m[INFO ][0m [38;5;153m[LTEPhy] Stopped[0m
[97m2026-04-10 17:00:59.107[0m [93m[INFO ][0m [38;5;153m[LTEStack] LTE cell [92m1[38;5;153m stopped[0m
[97m2026-04-10 17:00:59.107[0m [93m[INFO ][0m [38;5;153m[RFHardware] Shutting down RF frontend[0m
test_lte_stack PASSED
<end of output>
Test time =   0.07 sec
----------------------------------------------------------
Test Passed.
"test_lte_stack" end time: Apr 10 17:00 RTZ 2 (����)
"test_lte_stack" time elapsed: 00:00:00
----------------------------------------------------------

13/28 Testing: test_gsm_stack
13/28 Test: test_gsm_stack
Command: "C:/Users/Alexey/Desktop/min/vNE/RBS/RBS/build-asn1/tests/Debug/test_gsm_stack.exe"
Directory: C:/Users/Alexey/Desktop/min/vNE/RBS/RBS/build-asn1/tests
"test_gsm_stack" start time: Apr 10 17:00 RTZ 2 (����)
Output:
----------------------------------------------------------
[97m2026-04-10 17:00:59.128[0m [93m[INFO ][0m [38;5;153m[RFHardware] Initialising RF frontend (Tx=[92m2[38;5;153m Rx=[92m2[38;5;153m)[0m
[97m2026-04-10 17:00:59.128[0m [93m[INFO ][0m [38;5;153m[RFHardware] RF frontend initialised successfully[0m
[97m2026-04-10 17:00:59.128[0m [93m[INFO ][0m [38;5;153m[GSMPhy] Started – ARFCN=[92m60[38;5;153m DL=[92m947 MHz[38;5;153m UL=[92m902 MHz[38;5;153m[0m
[97m2026-04-10 17:00:59.128[0m [93m[INFO ][0m [38;5;153m[GSMMAC] Started – CellId=[92m2[38;5;153m LAC=[92m200[38;5;153m BSIC=[92m5[38;5;153m[0m
[97m2026-04-10 17:00:59.128[0m [93m[INFO ][0m [38;5;153m[GSMStack] GSM cell [92m2[38;5;153m started[0m
[97m2026-04-10 17:00:59.152[0m [93m[INFO ][0m [38;5;153m[GSMMAC] Assigned channel RNTI=[92m1[38;5;153m slot=[92m1[38;5;153m type=[92m3[38;5;153m[0m
[97m2026-04-10 17:00:59.152[0m [93m[INFO ][0m [38;5;153m[GsmRR] Channel Request burst={:#[92m04[38;5;153mx} cause={} → RNTI={} TN={} ch={} IA len={}P[92m1[38;5;153mTCH/F[92m11[38;5;153m[0m
[97m2026-04-10 17:00:59.152[0m [93m[INFO ][0m [38;5;153m[GSMStack] UE admitted IMSI=[92m111222333444555[38;5;153m RNTI=[92m1[38;5;153m[0m
[97m2026-04-10 17:00:59.152[0m [93m[INFO ][0m [38;5;153m[GSMMAC] Assigned channel RNTI=[92m2[38;5;153m slot=[92m2[38;5;153m type=[92m3[38;5;153m[0m
[97m2026-04-10 17:00:59.152[0m [93m[INFO ][0m [38;5;153m[GsmRR] Channel Request burst={:#[92m04[38;5;153mx} cause={} → RNTI={} TN={} ch={} IA len={}P[92m2[38;5;153mTCH/F[92m11[38;5;153m[0m
[97m2026-04-10 17:00:59.152[0m [93m[INFO ][0m [38;5;153m[GSMStack] UE admitted IMSI=[92m555444333222111[38;5;153m RNTI=[92m2[38;5;153m[0m
[97m2026-04-10 17:00:59.152[0m [93m[INFO ][0m [38;5;153m[GsmRR] Channel Release → UE rnti={} (was {}) PDU len={}[92m1[38;5;153mCONNECTION_PENDING[92m2[38;5;153m[0m
[97m2026-04-10 17:00:59.152[0m [93m[INFO ][0m [38;5;153m[GSMMAC] Released channel RNTI=[92m1[38;5;153m[0m
[97m2026-04-10 17:00:59.152[0m [93m[INFO ][0m [38;5;153m[GSMStack] UE released RNTI=[92m1[38;5;153m[0m
[97m2026-04-10 17:00:59.153[0m [93m[INFO ][0m [38;5;153m[GsmRR] Channel Release → UE rnti={} (was {}) PDU len={}[92m2[38;5;153mCONNECTION_PENDING[92m2[38;5;153m[0m
[97m2026-04-10 17:00:59.153[0m [93m[INFO ][0m [38;5;153m[GSMMAC] Released channel RNTI=[92m2[38;5;153m[0m
[97m2026-04-10 17:00:59.153[0m [93m[INFO ][0m [38;5;153m[GSMStack] UE released RNTI=[92m2[38;5;153m[0m
[97m2026-04-10 17:00:59.153[0m [93m[INFO ][0m [38;5;153m[GSMStack] Cell=[92m2[38;5;153m ARFCN=[92m60[38;5;153m UEs=[92m0[38;5;153m Frame=[92m0[38;5;153m[0m
[97m2026-04-10 17:00:59.167[0m [93m[INFO ][0m [38;5;153m[GSMMAC] Stopped[0m
[97m2026-04-10 17:00:59.167[0m [93m[INFO ][0m [38;5;153m[GSMPhy] Stopped[0m
[97m2026-04-10 17:00:59.167[0m [93m[INFO ][0m [38;5;153m[GSMStack] GSM cell [92m2[38;5;153m stopped[0m
[97m2026-04-10 17:00:59.167[0m [93m[INFO ][0m [38;5;153m[RFHardware] Shutting down RF frontend[0m
test_gsm_stack PASSED
<end of output>
Test time =   0.06 sec
----------------------------------------------------------
Test Passed.
"test_gsm_stack" end time: Apr 10 17:00 RTZ 2 (����)
"test_gsm_stack" time elapsed: 00:00:00
----------------------------------------------------------

14/28 Testing: test_umts_stack
14/28 Test: test_umts_stack
Command: "C:/Users/Alexey/Desktop/min/vNE/RBS/RBS/build-asn1/tests/Debug/test_umts_stack.exe"
Directory: C:/Users/Alexey/Desktop/min/vNE/RBS/RBS/build-asn1/tests
"test_umts_stack" start time: Apr 10 17:00 RTZ 2 (����)
Output:
----------------------------------------------------------
[97m2026-04-10 17:00:59.187[0m [93m[INFO ][0m [38;5;153m[RFHardware] Initialising RF frontend (Tx=[92m2[38;5;153m Rx=[92m2[38;5;153m)[0m
[97m2026-04-10 17:00:59.188[0m [93m[INFO ][0m [38;5;153m[RFHardware] RF frontend initialised successfully[0m
[97m2026-04-10 17:00:59.188[0m [93m[INFO ][0m [38;5;153m[UMTSPhy] Started – UARFCN=[92m10562[38;5;153m PSC=[92m0[38;5;153m DL=[92m2112.4 MHz[38;5;153m[0m
[97m2026-04-10 17:00:59.188[0m [93m[INFO ][0m [38;5;153m[UMTSMAC] Started – CellId=[92m3[38;5;153m PSC=[92m0[38;5;153m[0m
[97m2026-04-10 17:00:59.188[0m [93m[INFO ][0m [38;5;153m[UMTSStack] UMTS cell [92m3[38;5;153m started[0m
[97m2026-04-10 17:00:59.214[0m [93m[INFO ][0m [38;5;153m[UMTSMAC] DCH assigned RNTI=[92m1[38;5;153m code=[92m4[38;5;153m SF=[92m16[38;5;153m[0m
[97m2026-04-10 17:00:59.214[0m [93m[INFO ][0m [38;5;153m[RRC] RRC Connection Setup → UE rnti={} imsi={} PDU len={}[92m11002003004005004[38;5;153m[0m
[97m2026-04-10 17:00:59.214[0m [93m[INFO ][0m [38;5;153m[UMTSStack] UE admitted IMSI=[92m100200300400500[38;5;153m RNTI=[92m1[38;5;153m[0m
[97m2026-04-10 17:00:59.214[0m [93m[INFO ][0m [38;5;153m[UMTSMAC] DCH assigned RNTI=[92m2[38;5;153m code=[92m5[38;5;153m SF=[92m8[38;5;153m[0m
[97m2026-04-10 17:00:59.214[0m [93m[INFO ][0m [38;5;153m[RRC] RRC Connection Setup → UE rnti={} imsi={} PDU len={}[92m25004003002001004[38;5;153m[0m
[97m2026-04-10 17:00:59.214[0m [93m[INFO ][0m [38;5;153m[UMTSStack] UE admitted IMSI=[92m500400300200100[38;5;153m RNTI=[92m2[38;5;153m[0m
[97m2026-04-10 17:00:59.215[0m [93m[INFO ][0m [38;5;153m[RRC] RRC Connection Release → UE rnti={} (was {}) PDU len={}[92m1[38;5;153mCELL_DCH[92m3[38;5;153m[0m
[97m2026-04-10 17:00:59.215[0m [93m[INFO ][0m [38;5;153m[UMTSMAC] DCH released RNTI=[92m1[38;5;153m[0m
[97m2026-04-10 17:00:59.215[0m [93m[INFO ][0m [38;5;153m[UMTSStack] UE released RNTI=[92m1[38;5;153m[0m
[97m2026-04-10 17:00:59.215[0m [93m[INFO ][0m [38;5;153m[RRC] RRC Connection Release → UE rnti={} (was {}) PDU len={}[92m2[38;5;153mCELL_DCH[92m3[38;5;153m[0m
[97m2026-04-10 17:00:59.215[0m [93m[INFO ][0m [38;5;153m[UMTSMAC] DCH released RNTI=[92m2[38;5;153m[0m
[97m2026-04-10 17:00:59.215[0m [93m[INFO ][0m [38;5;153m[UMTSStack] UE released RNTI=[92m2[38;5;153m[0m
[97m2026-04-10 17:00:59.215[0m [93m[INFO ][0m [38;5;153m[UMTSStack] Cell=[92m3[38;5;153m UARFCN=[92m10562[38;5;153m UEs=[92m0[38;5;153m Frame=[92m1[38;5;153m[0m
[97m2026-04-10 17:00:59.230[0m [93m[INFO ][0m [38;5;153m[UMTSMAC] Stopped[0m
[97m2026-04-10 17:00:59.230[0m [93m[INFO ][0m [38;5;153m[UMTSPhy] Stopped[0m
[97m2026-04-10 17:00:59.230[0m [93m[INFO ][0m [38;5;153m[UMTSStack] UMTS cell [92m3[38;5;153m stopped[0m
[97m2026-04-10 17:00:59.230[0m [93m[INFO ][0m [38;5;153m[RFHardware] Shutting down RF frontend[0m
test_umts_stack PASSED
<end of output>
Test time =   0.06 sec
----------------------------------------------------------
Test Passed.
"test_umts_stack" end time: Apr 10 17:00 RTZ 2 (����)
"test_umts_stack" time elapsed: 00:00:00
----------------------------------------------------------

15/28 Testing: test_oms
15/28 Test: test_oms
Command: "C:/Users/Alexey/Desktop/min/vNE/RBS/RBS/build-asn1/tests/Debug/test_oms.exe"
Directory: C:/Users/Alexey/Desktop/min/vNE/RBS/RBS/build-asn1/tests
"test_oms" start time: Apr 10 17:00 RTZ 2 (����)
Output:
----------------------------------------------------------
[97m2026-04-10 17:00:59.257[0m [93m[INFO ][0m [38;5;153m[OMS] Node state → LOCKED[0m
[97m2026-04-10 17:00:59.258[0m [93m[INFO ][0m [38;5;153m[OMS] Node state → UNLOCKED[0m
[97m2026-04-10 17:00:59.258[0m [95m[WARN ][0m [38;5;153m[OMS] ALARM[[92m1[38;5;153m] MAJOR from LTE-Cell-[92m1[38;5;153m: RF power loss[0m
[97m2026-04-10 17:00:59.258[0m [95m[WARN ][0m [38;5;153m[OMS] ALARM[[92m2[38;5;153m] CRITICAL from GSM-Cell-[92m2[38;5;153m: Clock sync lost[0m
[97m2026-04-10 17:00:59.258[0m [95m[WARN ][0m [38;5;153m[OMS] ALARM[[92m3[38;5;153m] WARNING from LTE-Cell-[92m1[38;5;153m: Temp warning[0m
[97m2026-04-10 17:00:59.258[0m [93m[INFO ][0m [38;5;153m[OMS] ALARM[[92m1[38;5;153m] cleared from LTE-Cell-[92m1[38;5;153m[0m
[97m2026-04-10 17:00:59.258[0m [93m[INFO ][0m [38;5;153m[OMS] === Performance Report ===[0m
[97m2026-04-10 17:00:59.258[0m [93m[INFO ][0m [38;5;153m[OMS]   lte.dl.throughput.mbps = [92m200[38;5;153m Mbps[0m
[97m2026-04-10 17:00:59.258[0m [93m[INFO ][0m [38;5;153m[OMS]   lte.ul.throughput.mbps = [92m30.2[38;5;153m Mbps[0m
[97m2026-04-10 17:00:59.258[0m [93m[INFO ][0m [38;5;153m[OMS]   gsm.active.calls = [92m3[38;5;153m calls[0m
[97m2026-04-10 17:00:59.258[0m [93m[INFO ][0m [38;5;153m[OMS]   Active alarms: [92m0[38;5;153m[0m
test_oms PASSED
<end of output>
Test time =   0.03 sec
----------------------------------------------------------
Test Passed.
"test_oms" end time: Apr 10 17:00 RTZ 2 (����)
"test_oms" time elapsed: 00:00:00
----------------------------------------------------------

16/28 Testing: test_gsm_rlc
16/28 Test: test_gsm_rlc
Command: "C:/Users/Alexey/Desktop/min/vNE/RBS/RBS/build-asn1/tests/Debug/test_gsm_rlc.exe"
Directory: C:/Users/Alexey/Desktop/min/vNE/RBS/RBS/build-asn1/tests
"test_gsm_rlc" start time: Apr 10 17:00 RTZ 2 (����)
Output:
----------------------------------------------------------
test_gsm_rlc PASSED
<end of output>
Test time =   0.01 sec
----------------------------------------------------------
Test Passed.
"test_gsm_rlc" end time: Apr 10 17:00 RTZ 2 (����)
"test_gsm_rlc" time elapsed: 00:00:00
----------------------------------------------------------

17/28 Testing: test_gsm_rr
17/28 Test: test_gsm_rr
Command: "C:/Users/Alexey/Desktop/min/vNE/RBS/RBS/build-asn1/tests/Debug/test_gsm_rr.exe"
Directory: C:/Users/Alexey/Desktop/min/vNE/RBS/RBS/build-asn1/tests
"test_gsm_rr" start time: Apr 10 17:00 RTZ 2 (����)
Output:
----------------------------------------------------------
[97m2026-04-10 17:00:59.291[0m [93m[INFO ][0m [38;5;153m[GsmRR] Channel Request burst={:#[92m04[38;5;153mx} cause={} → RNTI={} TN={} ch={} IA len={}[92m1[38;5;153mSDCCH[92m11[38;5;153m[0m
[97m2026-04-10 17:00:59.291[0m [93m[INFO ][0m [38;5;153m[GsmRR] Channel Request burst={:#[92m04[38;5;153mx} cause={} → RNTI={} TN={} ch={} IA len={}<[92m2[38;5;153mSDCCH[92m11[38;5;153m[0m
[97m2026-04-10 17:00:59.291[0m [93m[INFO ][0m [38;5;153m[GsmRR] HO candidate rnti={} serving_rxlev={} neigh_arfcn={} neigh_rxlev={}[92m2[38;5;153m
[92m700[38;5;153m[0m
[97m2026-04-10 17:00:59.291[0m [93m[INFO ][0m [38;5;153m[GsmRR] Handover Command ({}) rnti={} → ARFCN={} BSIC={} PDU len={}intra-BSC[92m2700[38;5;153m[92m8[38;5;153m[0m
[97m2026-04-10 17:00:59.292[0m [93m[INFO ][0m [38;5;153m[GsmRR] Handover Command ({}) rnti={} → ARFCN={} BSIC={} PDU len={}intra-BSC[92m1700[38;5;153m[92m8[38;5;153m[0m
[97m2026-04-10 17:00:59.292[0m [93m[INFO ][0m [38;5;153m[GsmRR] Channel Release → UE rnti={} (was {}) PDU len={}[92m1[38;5;153mHANDOVER_INITIATED[92m2[38;5;153m[0m
[97m2026-04-10 17:00:59.292[0m [93m[INFO ][0m [38;5;153m[GsmRR] Channel Release → UE rnti={} (was {}) PDU len={}[92m2[38;5;153mHANDOVER_INITIATED[92m2[38;5;153m[0m
[97m2026-04-10 17:00:59.292[0m [95m[WARN ][0m [38;5;153m[GsmRR] releaseChannel: rnti={} not found[92m999[38;5;153m[0m
test_gsm_rr PASSED
<end of output>
Test time =   0.02 sec
----------------------------------------------------------
Test Passed.
"test_gsm_rr" end time: Apr 10 17:00 RTZ 2 (����)
"test_gsm_rr" time elapsed: 00:00:00
----------------------------------------------------------

18/28 Testing: test_umts_phy
18/28 Test: test_umts_phy
Command: "C:/Users/Alexey/Desktop/min/vNE/RBS/RBS/build-asn1/tests/Debug/test_umts_phy.exe"
Directory: C:/Users/Alexey/Desktop/min/vNE/RBS/RBS/build-asn1/tests
"test_umts_phy" start time: Apr 10 17:00 RTZ 2 (����)
Output:
----------------------------------------------------------
[97m2026-04-10 17:00:59.313[0m [93m[INFO ][0m [38;5;153m[RFHardware] Initialising RF frontend (Tx=[92m2[38;5;153m Rx=[92m2[38;5;153m)[0m
[97m2026-04-10 17:00:59.313[0m [93m[INFO ][0m [38;5;153m[RFHardware] RF frontend initialised successfully[0m
[97m2026-04-10 17:00:59.313[0m [93m[INFO ][0m [38;5;153m[UMTSPhy] Started – UARFCN=[92m10562[38;5;153m PSC=[92m0[38;5;153m DL=[92m2112.4 MHz[38;5;153m[0m
[97m2026-04-10 17:00:59.318[0m [93m[INFO ][0m [38;5;153m[UMTSPhy] Stopped[0m
[97m2026-04-10 17:00:59.318[0m [93m[INFO ][0m [38;5;153m[UMTSPhy] Stopped[0m
[97m2026-04-10 17:00:59.318[0m [93m[INFO ][0m [38;5;153m[RFHardware] Shutting down RF frontend[0m
test_umts_phy PASSED
<end of output>
Test time =   0.02 sec
----------------------------------------------------------
Test Passed.
"test_umts_phy" end time: Apr 10 17:00 RTZ 2 (����)
"test_umts_phy" time elapsed: 00:00:00
----------------------------------------------------------

19/28 Testing: test_umts_rlc
19/28 Test: test_umts_rlc
Command: "C:/Users/Alexey/Desktop/min/vNE/RBS/RBS/build-asn1/tests/Debug/test_umts_rlc.exe"
Directory: C:/Users/Alexey/Desktop/min/vNE/RBS/RBS/build-asn1/tests
"test_umts_rlc" start time: Apr 10 17:00 RTZ 2 (����)
Output:
----------------------------------------------------------
test_umts_rlc PASSED
<end of output>
Test time =   0.02 sec
----------------------------------------------------------
Test Passed.
"test_umts_rlc" end time: Apr 10 17:00 RTZ 2 (����)
"test_umts_rlc" time elapsed: 00:00:00
----------------------------------------------------------

20/28 Testing: test_umts_rrc
20/28 Test: test_umts_rrc
Command: "C:/Users/Alexey/Desktop/min/vNE/RBS/RBS/build-asn1/tests/Debug/test_umts_rrc.exe"
Directory: C:/Users/Alexey/Desktop/min/vNE/RBS/RBS/build-asn1/tests
"test_umts_rrc" start time: Apr 10 17:00 RTZ 2 (����)
Output:
----------------------------------------------------------
[97m2026-04-10 17:00:59.353[0m [93m[INFO ][0m [38;5;153m[RRC] RRC Connection Setup → UE rnti={} imsi={} PDU len={}[92m1001234567890123454[38;5;153m[0m
[97m2026-04-10 17:00:59.353[0m [93m[INFO ][0m [38;5;153m[RRC] RRC Connection Setup → UE rnti={} imsi={} PDU len={}[92m1019990000000000014[38;5;153m[0m
[97m2026-04-10 17:00:59.353[0m [93m[INFO ][0m [38;5;153m[RRC] Radio Bearer Setup rnti={} rbId={} rlcMode={} maxBr={}kbps PDU len={}[92m100[38;5;153m[92m563206[38;5;153m[0m
[97m2026-04-10 17:00:59.353[0m [93m[INFO ][0m [38;5;153m[RRC] Radio Bearer Setup rnti={} rbId={} rlcMode={} maxBr={}kbps PDU len={}[92m100[38;5;153m[92m640006[38;5;153m[0m
[97m2026-04-10 17:00:59.353[0m [93m[INFO ][0m [38;5;153m[RRC] Radio Bearer Release rnti={} rbId={}[92m100[38;5;153m[0m
[97m2026-04-10 17:00:59.353[0m [95m[WARN ][0m [38;5;153m[RRC] releaseRadioBearer: rnti={} rbId={} not found[92m100[38;5;153mc[0m
[97m2026-04-10 17:00:59.353[0m [93m[INFO ][0m [38;5;153m[RRC] Active Set ADD rnti={} PSC={} Ec/No={}dB size={}[92m1000[38;5;153m�[92m1[38;5;153m[0m
[97m2026-04-10 17:00:59.353[0m [93m[INFO ][0m [38;5;153m[RRC] Active Set ADD rnti={} PSC={} Ec/No={}dB size={}[92m10016[38;5;153m�[92m2[38;5;153m[0m
[97m2026-04-10 17:00:59.353[0m [93m[INFO ][0m [38;5;153m[RRC] Active Set ADD rnti={} PSC={} Ec/No={}dB size={}[92m10032[38;5;153m�[92m3[38;5;153m[0m
[97m2026-04-10 17:00:59.353[0m [95m[WARN ][0m [38;5;153m[RRC] addToActiveSet: rnti={} active set full ([92m3[38;5;153m cells), PSC={} not added[92m10048[38;5;153m[0m
[97m2026-04-10 17:00:59.353[0m [93m[INFO ][0m [38;5;153m[RRC] Active Set REMOVE rnti={} PSC={} remaining={}[92m100162[38;5;153m[0m
[97m2026-04-10 17:00:59.353[0m [95m[WARN ][0m [38;5;153m[RRC] removeFromActiveSet: rnti={} PSC={} not in set[92m10099[38;5;153m[0m
[97m2026-04-10 17:00:59.353[0m [93m[INFO ][0m [38;5;153m[RRC] MeasReport rnti={} event={} PSC={} Ec/No={}dB RSCP={}dBm[92m100048[38;5;153m�-[92m75[38;5;153m[0m
[97m2026-04-10 17:00:59.354[0m [93m[INFO ][0m [38;5;153m[RRC] Active Set ADD rnti={} PSC={} Ec/No={}dB size={}[92m10048[38;5;153m�[92m3[38;5;153m[0m
[97m2026-04-10 17:00:59.354[0m [93m[INFO ][0m [38;5;153m[RRC] MeasReport rnti={} event={} PSC={} Ec/No={}dB RSCP={}dBm[92m100132[38;5;153m�-[92m90[38;5;153m[0m
[97m2026-04-10 17:00:59.354[0m [93m[INFO ][0m [38;5;153m[RRC] Active Set REMOVE rnti={} PSC={} remaining={}[92m100322[38;5;153m[0m
[97m2026-04-10 17:00:59.354[0m [93m[INFO ][0m [38;5;153m[RRC] Security Mode Command → UE rnti={} CK[[92m0[38;5;153m..[92m3[38;5;153m]={:[92m02[38;5;153mX}{:[92m02[38;5;153mX}{:[92m02[38;5;153mX}{:[92m02[38;5;153mX} IK[[92m0[38;5;153m..[92m3[38;5;153m]={:[92m02[38;5;153mX}{:[92m02[38;5;153mX}{:[92m02[38;5;153mX}{:[92m02[38;5;153mX} PDU len={}[92m100[38;5;153m#Eg�ܺ�[92m4[38;5;153m[0m
[97m2026-04-10 17:00:59.354[0m [93m[INFO ][0m [38;5;153m[RRC] RRC Connection Release → UE rnti={} (was {}) PDU len={}[92m100[38;5;153mCELL_DCH[92m3[38;5;153m[0m
[97m2026-04-10 17:00:59.354[0m [93m[INFO ][0m [38;5;153m[RRC] RRC Connection Release → UE rnti={} (was {}) PDU len={}[92m101[38;5;153mCELL_DCH[92m3[38;5;153m[0m
[97m2026-04-10 17:00:59.354[0m [95m[WARN ][0m [38;5;153m[RRC] releaseConnection: rnti={} not found[92m100[38;5;153m[0m
test_umts_rrc PASSED
<end of output>
Test time =   0.01 sec
----------------------------------------------------------
Test Passed.
"test_umts_rrc" end time: Apr 10 17:00 RTZ 2 (����)
"test_umts_rrc" time elapsed: 00:00:00
----------------------------------------------------------

21/28 Testing: test_lte_rrc
21/28 Test: test_lte_rrc
Command: "C:/Users/Alexey/Desktop/min/vNE/RBS/RBS/build-asn1/tests/Debug/test_lte_rrc.exe"
Directory: C:/Users/Alexey/Desktop/min/vNE/RBS/RBS/build-asn1/tests
"test_lte_rrc" start time: Apr 10 17:00 RTZ 2 (����)
Output:
----------------------------------------------------------
[97m2026-04-10 17:00:59.370[0m [93m[INFO ][0m [38;5;153m[LteRRC] RRC Connection Setup → UE rnti={} imsi={} SRB[92m1[38;5;153m active PDU len={}[92m2001112223334445555[38;5;153m[0m
[97m2026-04-10 17:00:59.370[0m [93m[INFO ][0m [38;5;153m[LteRRC] RRC Connection Setup → UE rnti={} imsi={} SRB[92m1[38;5;153m active PDU len={}[92m2015554443332221115[38;5;153m[0m
[97m2026-04-10 17:00:59.370[0m [93m[INFO ][0m [38;5;153m[LteRRC] RRC Reconfiguration (DRB setup) → UE rnti={} drbId={} QCI={} maxDL={}bps PDU len={}[92m200[38;5;153m	[92m500000006[38;5;153m[0m
[97m2026-04-10 17:00:59.370[0m [93m[INFO ][0m [38;5;153m[LteRRC] RRC Reconfiguration (DRB setup) → UE rnti={} drbId={} QCI={} maxDL={}bps PDU len={}[92m200[38;5;153m[92m1000000006[38;5;153m[0m
[97m2026-04-10 17:00:59.370[0m [93m[INFO ][0m [38;5;153m[LteRRC] RRC Reconfiguration (DRB setup) → UE rnti={} drbId={} QCI={} maxDL={}bps PDU len={}[92m201[38;5;153m[92m1280000006[38;5;153m[0m
[97m2026-04-10 17:00:59.370[0m [93m[INFO ][0m [38;5;153m[LteRRC] DRB released rnti={} drbId={} remaining={}[92m200[38;5;153m[92m1[38;5;153m[0m
[97m2026-04-10 17:00:59.370[0m [95m[WARN ][0m [38;5;153m[LteRRC] releaseDRB: rnti={} drbId={} not found[92m200[38;5;153mc[0m
[97m2026-04-10 17:00:59.371[0m [93m[INFO ][0m [38;5;153m[LteRRC] Security Mode Command → UE rnti={} cipher={} integ={} kRrcEnc[[92m0[38;5;153m..[92m3[38;5;153m]={:[92m02[38;5;153mX}{:[92m02[38;5;153mX}{:[92m02[38;5;153mX}{:[92m02[38;5;153mX} kRrcInt[[92m0[38;5;153m..[92m3[38;5;153m]={:[92m02[38;5;153mX}{:[92m02[38;5;153mX}{:[92m02[38;5;153mX}{:[92m02[38;5;153mX} PDU len={}[92m200[38;5;153mAES(EEA[92m1[38;5;153m)SNOW[92m3G[38;5;153m(EIA[92m2[38;5;153m)"[92m3[38;5;153mD
���[92m4[38;5;153m[0m
[97m2026-04-10 17:00:59.371[0m [93m[INFO ][0m [38;5;153m[LteRRC] MeasConfig → UE rnti={} measObjId={} EARFCN={} repCfgId={} triggerQty={} A[92m3[38;5;153moffset={}dB ttt={}ms PDU len={}[92m200[38;5;153m[92m3000[38;5;153mRSRP[92m1608[38;5;153m[0m
[97m2026-04-10 17:00:59.371[0m [93m[INFO ][0m [38;5;153m[LteRRC] MeasConfig → UE rnti={} measObjId={} EARFCN={} repCfgId={} triggerQty={} A[92m3[38;5;153moffset={}dB ttt={}ms PDU len={}[92m201[38;5;153m[92m3000[38;5;153mRSRP[92m1608[38;5;153m[0m
[97m2026-04-10 17:00:59.371[0m [93m[INFO ][0m [38;5;153m[LteRRC] MeasReport rnti={} measId={} servRSRP={} servRSRQ={} neighbours={}[92m200[38;5;153m[92m60202[38;5;153m[0m
[97m2026-04-10 17:00:59.371[0m [93m[INFO ][0m [38;5;153m[LteRRC] Handover Command → UE rnti={} targetPCI={} targetEARFCN={} PDU len={}[92m20020030506[38;5;153m[0m
[97m2026-04-10 17:00:59.371[0m [93m[INFO ][0m [38;5;153m[LteRRC] RRC Connection Release → UE rnti={} PDU len={}[92m2003[38;5;153m[0m
[97m2026-04-10 17:00:59.371[0m [93m[INFO ][0m [38;5;153m[LteRRC] RRC Connection Release → UE rnti={} PDU len={}[92m2013[38;5;153m[0m
[97m2026-04-10 17:00:59.371[0m [95m[WARN ][0m [38;5;153m[LteRRC] releaseConnection: rnti={} not found[92m200[38;5;153m[0m
test_lte_rrc PASSED
<end of output>
Test time =   0.02 sec
----------------------------------------------------------
Test Passed.
"test_lte_rrc" end time: Apr 10 17:00 RTZ 2 (����)
"test_lte_rrc" time elapsed: 00:00:00
----------------------------------------------------------

22/28 Testing: test_s1ap_link
22/28 Test: test_s1ap_link
Command: "C:/Users/Alexey/Desktop/min/vNE/RBS/RBS/build-asn1/tests/Debug/test_s1ap_link.exe"
Directory: C:/Users/Alexey/Desktop/min/vNE/RBS/RBS/build-asn1/tests
"test_s1ap_link" start time: Apr 10 17:00 RTZ 2 (����)
Output:
----------------------------------------------------------
[97m2026-04-10 17:00:59.390[0m [93m[INFO ][0m [38;5;153m[UdpSocket] [{}] UDP сокет привязан к порту {}S[92m1[38;5;153mAP-eNB-[92m00164737[38;5;153m[0m
[97m2026-04-10 17:00:59.390[0m [93m[INFO ][0m [38;5;153m[UdpSocket] [{}] поток приёма запущен (порт {})S[92m1[38;5;153mAP-eNB-[92m00164737[38;5;153m[0m
[97m2026-04-10 17:00:59.390[0m [93m[INFO ][0m [38;5;153m[S[92m1[38;5;153mAP] [{}] S[92m1[38;5;153mAP-соединение с MME {}:{} установлено (UDP port {})eNB-[92m001127.0.0.13641264737[38;5;153m[0m
[97m2026-04-10 17:00:59.390[0m [93m[INFO ][0m [38;5;153m[S[92m1[38;5;153mAP] [{}] S[92m1[38;5;153m SETUP enbId=[92m0[38;5;153mx{:[92m07[38;5;153mX} name={} TAC=[92m0[38;5;153mx{:[92m04[38;5;153mX} PLMN=[92m0[38;5;153mx{:[92m06[38;5;153mX}eNB-[92m001127233[38;5;153mTesteNB[92m115859713[38;5;153m[0m
[97m2026-04-10 17:00:59.391[0m [93m[INFO ][0m [38;5;153m[S[92m1[38;5;153mAP] [{}] S[92m1[38;5;153mAP INITIAL UE MSG rnti={} mmeId=[92m0[38;5;153mx{:X} nasLen={}eNB-[92m001140965[38;5;153m[0m
[97m2026-04-10 17:00:59.391[0m [93m[INFO ][0m [38;5;153m[S[92m1[38;5;153mAP] [{}] S[92m1[38;5;153mAP UL NAS TRANSPORT rnti={} nasLen={}eNB-[92m00114[38;5;153m[0m
[97m2026-04-10 17:00:59.391[0m [93m[INFO ][0m [38;5;153m[S[92m1[38;5;153mAP] [{}] S[92m1[38;5;153mAP DL NAS TRANSPORT rnti={} nasLen={}eNB-[92m00115[38;5;153m[0m
[97m2026-04-10 17:00:59.391[0m [95m[WARN ][0m [38;5;153m[UdpSocket] [{}] recvfrom ошибка, завершаем потокS[92m1[38;5;153mAP-eNB-[92m001[38;5;153m[0m
[97m2026-04-10 17:00:59.391[0m [93m[INFO ][0m [38;5;153m[S[92m1[38;5;153mAP] [{}] S[92m1[38;5;153mAP INITIAL CONTEXT SETUP RESP rnti={} erabs={}eNB-[92m00111[38;5;153m[0m
[97m2026-04-10 17:00:59.391[0m [93m[INFO ][0m [38;5;153m[S[92m1[38;5;153mAP] [{}] S[92m1[38;5;153mAP E-RAB SETUP RESP rnti={} ok={} fail={}eNB-[92m001110[38;5;153m[0m
[97m2026-04-10 17:00:59.391[0m [93m[INFO ][0m [38;5;153m[S[92m1[38;5;153mAP] [{}] S[92m1[38;5;153mAP E-RAB RELEASE RESP rnti={} released={}eNB-[92m00111[38;5;153m[0m
[97m2026-04-10 17:00:59.391[0m [93m[INFO ][0m [38;5;153m[S[92m1[38;5;153mAP] [{}] S[92m1[38;5;153mAP UE CTX RELEASE REQUEST rnti={} причина={}eNB-[92m0011[38;5;153mnormal-release[0m
[97m2026-04-10 17:00:59.391[0m [93m[INFO ][0m [38;5;153m[S[92m1[38;5;153mAP] [{}] S[92m1[38;5;153mAP UE CTX RELEASE COMPLETE rnti={}eNB-[92m0011[38;5;153m[0m
[97m2026-04-10 17:00:59.391[0m [93m[INFO ][0m [38;5;153m[S[92m1[38;5;153mAP] [{}] S[92m1[38;5;153mAP HANDOVER REQUIRED rnti={} targetEnb=[92m0[38;5;153mx{:X}eNB-[92m00112[38;5;153m[0m
[97m2026-04-10 17:00:59.391[0m [93m[INFO ][0m [38;5;153m[S[92m1[38;5;153mAP] [{}] S[92m1[38;5;153mAP HANDOVER NOTIFY rnti={}eNB-[92m0011[38;5;153m[0m
[97m2026-04-10 17:00:59.391[0m [93m[INFO ][0m [38;5;153m[S[92m1[38;5;153mAP] [{}] S[92m1[38;5;153mAP PATH SWITCH REQUEST rnti={} targetEnb=[92m0[38;5;153mx{:X} erabs={}eNB-[92m001121[38;5;153m[0m
[97m2026-04-10 17:00:59.391[0m [93m[INFO ][0m [38;5;153m[S[92m1[38;5;153mAP] [{}] S[92m1[38;5;153mAP-соединение закрытоeNB-[92m001[38;5;153m[0m
[97m2026-04-10 17:00:59.391[0m [93m[INFO ][0m [38;5;153m[UdpSocket] [{}] UDP сокет привязан к порту {}S[92m1[38;5;153mU-eNB-[92m0012152[38;5;153m[0m
[97m2026-04-10 17:00:59.392[0m [93m[INFO ][0m [38;5;153m[UdpSocket] [{}] поток приёма запущен (порт {})S[92m1[38;5;153mU-eNB-[92m0012152[38;5;153m[0m
[97m2026-04-10 17:00:59.392[0m [93m[INFO ][0m [38;5;153m[S[92m1[38;5;153mU] [{}] GTP-U туннель создан rnti=[92m2[38;5;153m erabId= teid=[92m0[38;5;153mx[92m305419896[38;5;153m sgw=[92m1.0.0.0[38;5;153m[0m
[97m2026-04-10 17:00:59.392[0m [93m[INFO ][0m [38;5;153m[S[92m1[38;5;153mU] [{}] GTP-U туннель удалён rnti={} erabId={}eNB-[92m0012[38;5;153m[0m
[97m2026-04-10 17:00:59.392[0m [95m[WARN ][0m [38;5;153m[S[92m1[38;5;153mU] [{}] deleteTunnel: туннель rnti={} erabId={} не найденeNB-[92m0012[38;5;153m[0m
test_s1ap_link PASSED
<end of output>
Test time =   0.02 sec
----------------------------------------------------------
Test Passed.
"test_s1ap_link" end time: Apr 10 17:00 RTZ 2 (����)
"test_s1ap_link" time elapsed: 00:00:00
----------------------------------------------------------

23/28 Testing: test_x2ap_link
23/28 Test: test_x2ap_link
Command: "C:/Users/Alexey/Desktop/min/vNE/RBS/RBS/build-asn1/tests/Debug/test_x2ap_link.exe"
Directory: C:/Users/Alexey/Desktop/min/vNE/RBS/RBS/build-asn1/tests
"test_x2ap_link" start time: Apr 10 17:00 RTZ 2 (����)
Output:
----------------------------------------------------------
[97m2026-04-10 17:00:59.412[0m [93m[INFO ][0m [38;5;153m[UdpSocket] [{}] UDP сокет привязан к порту {}X[92m2[38;5;153mAP-eNB-[92m00264739[38;5;153m[0m
[97m2026-04-10 17:00:59.412[0m [93m[INFO ][0m [38;5;153m[UdpSocket] [{}] поток приёма запущен (порт {})X[92m2[38;5;153mAP-eNB-[92m00264739[38;5;153m[0m
[97m2026-04-10 17:00:59.412[0m [93m[INFO ][0m [38;5;153m[X[92m2[38;5;153mAP] [{}] X[92m2[38;5;153mAP-соединение с eNB [92m0[38;5;153mx{:X} {}:{} установлено (UDP port {})eNB-[92m0021127.0.0.13642264739[38;5;153m[0m
[97m2026-04-10 17:00:59.412[0m [93m[INFO ][0m [38;5;153m[X[92m2[38;5;153mAP] [{}] X[92m2[38;5;153m SETUP local=[92m0[38;5;153mx{:X} target=[92m0[38;5;153mx{:X}eNB-[92m00221[38;5;153m[0m
[97m2026-04-10 17:00:59.413[0m [93m[INFO ][0m [38;5;153m[X[92m2[38;5;153mAP] [{}] X[92m2[38;5;153mAP HO REQUEST rnti={} srcCell=[92m0[38;5;153mx{:X} targetCell=[92m0[38;5;153mx{:X} erabs={}eNB-[92m002322561[38;5;153m[0m
[97m2026-04-10 17:00:59.413[0m [93m[INFO ][0m [38;5;153m[X[92m2[38;5;153mAP] [{}] X[92m2[38;5;153mAP HO REQUEST ACK rnti={} admitted={}eNB-[92m00231[38;5;153m[0m
[97m2026-04-10 17:00:59.413[0m [95m[WARN ][0m [38;5;153m[UdpSocket] [{}] recvfrom ошибка, завершаем потокX[92m2[38;5;153mAP-eNB-[92m002[38;5;153m[0m
[97m2026-04-10 17:00:59.413[0m [93m[INFO ][0m [38;5;153m[X[92m2[38;5;153mAP] [{}] X[92m2[38;5;153mAP SN STATUS TRANSFER rnti={} drbs={}eNB-[92m00231[38;5;153m[0m
[97m2026-04-10 17:00:59.413[0m [93m[INFO ][0m [38;5;153m[X[92m2[38;5;153mAP] [{}] X[92m2[38;5;153mAP UE CONTEXT RELEASE rnti={}eNB-[92m0023[38;5;153m[0m
[97m2026-04-10 17:00:59.413[0m [95m[WARN ][0m [38;5;153m[X[92m2[38;5;153mAP] [{}] X[92m2[38;5;153mAP HO PREP FAILURE rnti={} причина={}eNB-[92m0024[38;5;153mno-radio-resources[0m
[97m2026-04-10 17:00:59.413[0m [93m[INFO ][0m [38;5;153m[X[92m2[38;5;153mAP] [{}] X[92m2[38;5;153mAP HO CANCEL rnti={} причина={}eNB-[92m0025[38;5;153mhandover-cancelled[0m
[97m2026-04-10 17:00:59.413[0m [93m[INFO ][0m [38;5;153m[X[92m2[38;5;153mAP] [{}] X[92m2[38;5;153mAP-соединение с eNB [92m0[38;5;153mx{:X} закрытоeNB-[92m0021[38;5;153m[0m
[97m2026-04-10 17:00:59.413[0m [93m[INFO ][0m [38;5;153m[UdpSocket] [{}] UDP сокет привязан к порту {}X[92m2[38;5;153mU-eNB-[92m00264740[38;5;153m[0m
[97m2026-04-10 17:00:59.413[0m [93m[INFO ][0m [38;5;153m[X[92m2[38;5;153mU] [{}] GTP-U forwarding tunnel открыт rnti={} target={} teid=[92m0[38;5;153mx{:X}eNB-[92m0023127.0.0.1287454020[38;5;153m[0m
[97m2026-04-10 17:00:59.414[0m [93m[INFO ][0m [38;5;153m[X[92m2[38;5;153mU] [{}] GTP-U forwarding tunnel закрыт rnti={}eNB-[92m0023[38;5;153m[0m
[97m2026-04-10 17:00:59.414[0m [91m[ERROR][0m [38;5;153m[X[92m2[38;5;153mU] [{}] forwardPacket: нет туннеля для rnti={}eNB-[92m0023[38;5;153m[0m
test_x2ap_link PASSED
<end of output>
Test time =   0.02 sec
----------------------------------------------------------
Test Passed.
"test_x2ap_link" end time: Apr 10 17:00 RTZ 2 (����)
"test_x2ap_link" time elapsed: 00:00:00
----------------------------------------------------------

24/28 Testing: test_abis_link
24/28 Test: test_abis_link
Command: "C:/Users/Alexey/Desktop/min/vNE/RBS/RBS/build-asn1/tests/Debug/test_abis_link.exe"
Directory: C:/Users/Alexey/Desktop/min/vNE/RBS/RBS/build-asn1/tests
"test_abis_link" start time: Apr 10 17:00 RTZ 2 (����)
Output:
----------------------------------------------------------
[97m2026-04-10 17:00:59.434[0m [93m[INFO ][0m [38;5;153m[AbisOml] [{}] OML-соединение с BSC {}:{} установленоBTS-[92m01127.0.0.13002[38;5;153m[0m
[97m2026-04-10 17:00:59.434[0m [93m[INFO ][0m [38;5;153m[AbisOml] [{}] TRX {} сконфигурирован: ARFCN={} мощность={}dBmBTS-[92m01[38;5;153m
[92m60[38;5;153m+[0m
[97m2026-04-10 17:00:59.434[0m [93m[INFO ][0m [38;5;153m[AbisOml] [{}] TRX {} сконфигурирован: ARFCN={} мощность={}dBmBTS-[92m01[38;5;153m[92m65[38;5;153m([0m
[97m2026-04-10 17:00:59.434[0m [91m[ERROR][0m [38;5;153m[AbisOml] [{}] Аппаратный сбой: objectClass=[92m0[38;5;153mx{:[92m02[38;5;153mX} причина={}BTS-[92m01[38;5;153mPA overtemperature[0m
[97m2026-04-10 17:00:59.434[0m [93m[INFO ][0m [38;5;153m[AbisOml] [{}] OML-соединение закрытоBTS-[92m01[38;5;153m[0m
[97m2026-04-10 17:00:59.434[0m [93m[INFO ][0m [38;5;153m[AbisRsl] [{}] RSL CHANNEL ACTIVATION chanNr={} rnti={} TA={}BTS-[92m01[38;5;153m
[92m10[38;5;153m[0m
[97m2026-04-10 17:00:59.434[0m [93m[INFO ][0m [38;5;153m[AbisRsl] [{}] RSL CHANNEL ACTIVATION chanNr={} rnti={} TA={}BTS-[92m01[38;5;153m[92m11[38;5;153m[0m
[97m2026-04-10 17:00:59.435[0m [93m[INFO ][0m [38;5;153m[AbisRsl] [{}] RSL CHANNEL RELEASE chanNr={} rnti={}BTS-[92m01[38;5;153m
[92m10[38;5;153m[0m
[97m2026-04-10 17:00:59.435[0m [95m[WARN ][0m [38;5;153m[AbisRsl] [{}] releaseChannel: chanNr={} не активенBTS-[92m01[38;5;153mc[0m
[97m2026-04-10 17:00:59.435[0m [93m[INFO ][0m [38;5;153m[AbisRsl] [{}] RSL CIPHER MODE CMD chanNr={} algo={}BTS-[92m01[38;5;153m[0m
[97m2026-04-10 17:00:59.435[0m [93m[INFO ][0m [38;5;153m[AbisRsl] [{}] RSL HANDOVER CMD rnti={} len={}BTS-[92m01113[38;5;153m[0m
test_abis_link PASSED
<end of output>
Test time =   0.02 sec
----------------------------------------------------------
Test Passed.
"test_abis_link" end time: Apr 10 17:00 RTZ 2 (����)
"test_abis_link" time elapsed: 00:00:00
----------------------------------------------------------

25/28 Testing: test_iub_link
25/28 Test: test_iub_link
Command: "C:/Users/Alexey/Desktop/min/vNE/RBS/RBS/build-asn1/tests/Debug/test_iub_link.exe"
Directory: C:/Users/Alexey/Desktop/min/vNE/RBS/RBS/build-asn1/tests
"test_iub_link" start time: Apr 10 17:00 RTZ 2 (����)
Output:
----------------------------------------------------------
[97m2026-04-10 17:00:59.457[0m [93m[INFO ][0m [38;5;153m[IubNbap] [{}] NBAP-соединение с RNC {}:{} установленоNodeB-[92m01127.0.0.125099[38;5;153m[0m
[97m2026-04-10 17:00:59.458[0m [93m[INFO ][0m [38;5;153m[IubNbap] [{}] NBAP CELL SETUP cellId={} PSC={} UarfcnDL={} UarfcnUL={}NodeB-[92m0110105629612[38;5;153m[0m
[97m2026-04-10 17:00:59.458[0m [93m[INFO ][0m [38;5;153m[IubNbap] [{}] NBAP COMMON MEAS INIT measId={} object={}NodeB-[92m011[38;5;153mRSCP[0m
[97m2026-04-10 17:00:59.458[0m [93m[INFO ][0m [38;5;153m[IubNbap] [{}] NBAP COMMON MEAS TERMINATE measId={}NodeB-[92m011[38;5;153m[0m
[97m2026-04-10 17:00:59.458[0m [93m[INFO ][0m [38;5;153m[IubNbap] [{}] NBAP RADIO LINK SETUP rnti={} scrCode={} SF={}NodeB-[92m0110016[38;5;153m[0m
[97m2026-04-10 17:00:59.458[0m [93m[INFO ][0m [38;5;153m[IubNbap] [{}] NBAP RADIO LINK SETUP rnti={} scrCode={} SF={}NodeB-[92m0111168[38;5;153m[0m
[97m2026-04-10 17:00:59.458[0m [93m[INFO ][0m [38;5;153m[IubNbap] [{}] NBAP DEDICATED MEAS INIT rnti={} measId={}NodeB-[92m011010[38;5;153m[0m
[97m2026-04-10 17:00:59.458[0m [93m[INFO ][0m [38;5;153m[IubNbap] [{}] NBAP RADIO LINK DELETION rnti={}NodeB-[92m0110[38;5;153m[0m
[97m2026-04-10 17:00:59.458[0m [93m[INFO ][0m [38;5;153m[IubNbap] [{}] NBAP RADIO LINK DELETION rnti={}NodeB-[92m0111[38;5;153m[0m
[97m2026-04-10 17:00:59.458[0m [95m[WARN ][0m [38;5;153m[IubNbap] [{}] radioLinkDeletion: rnti={} не найденNodeB-[92m0110[38;5;153m[0m
[97m2026-04-10 17:00:59.458[0m [93m[INFO ][0m [38;5;153m[IubNbap] [{}] NBAP-соединение закрытоNodeB-[92m01[38;5;153m[0m
[97m2026-04-10 17:00:59.458[0m [93m[INFO ][0m [38;5;153m[IubFp] [{}] FP SYNC STATUS rnti={} inSync={}NodeB-[92m0110[38;5;153mДА[0m
[97m2026-04-10 17:00:59.458[0m [93m[INFO ][0m [38;5;153m[IubFp] [{}] FP SYNC STATUS rnti={} inSync={}NodeB-[92m0110[38;5;153mНЕТ[0m
test_iub_link PASSED
<end of output>
Test time =   0.02 sec
----------------------------------------------------------
Test Passed.
"test_iub_link" end time: Apr 10 17:00 RTZ 2 (����)
"test_iub_link" time elapsed: 00:00:00
----------------------------------------------------------

26/28 Testing: test_integration
26/28 Test: test_integration
Command: "C:/Users/Alexey/Desktop/min/vNE/RBS/RBS/build-asn1/tests/Debug/test_integration.exe"
Directory: C:/Users/Alexey/Desktop/min/vNE/RBS/RBS/build-asn1/tests
"test_integration" start time: Apr 10 17:00 RTZ 2 (����)
Output:
----------------------------------------------------------
[97m2026-04-10 17:00:59.474[0m [93m[INFO ][0m [38;5;153m[OMS] Node state → UNLOCKED[0m
[97m2026-04-10 17:00:59.474[0m [93m[INFO ][0m [38;5;153m[RFHardware] Initialising RF frontend (Tx=[92m2[38;5;153m Rx=[92m2[38;5;153m)[0m
[97m2026-04-10 17:00:59.474[0m [93m[INFO ][0m [38;5;153m[RFHardware] RF frontend initialised successfully[0m
[97m2026-04-10 17:00:59.474[0m [93m[INFO ][0m [38;5;153m[RFHardware] Initialising RF frontend (Tx=[92m2[38;5;153m Rx=[92m2[38;5;153m)[0m
[97m2026-04-10 17:00:59.474[0m [93m[INFO ][0m [38;5;153m[RFHardware] RF frontend initialised successfully[0m
[97m2026-04-10 17:00:59.474[0m [93m[INFO ][0m [38;5;153m[RFHardware] Initialising RF frontend (Tx=[92m2[38;5;153m Rx=[92m4[38;5;153m)[0m
[97m2026-04-10 17:00:59.474[0m [93m[INFO ][0m [38;5;153m[RFHardware] RF frontend initialised successfully[0m
[97m2026-04-10 17:00:59.475[0m [93m[INFO ][0m [38;5;153m[GSMPhy] Started – ARFCN=[92m60[38;5;153m DL=[92m947 MHz[38;5;153m UL=[92m902 MHz[38;5;153m[0m
[97m2026-04-10 17:00:59.475[0m [93m[INFO ][0m [38;5;153m[GSMMAC] Started – CellId=[92m101[38;5;153m LAC=[92m500[38;5;153m BSIC=[92m5[38;5;153m[0m
[97m2026-04-10 17:00:59.475[0m [93m[INFO ][0m [38;5;153m[GSMStack] GSM cell [92m101[38;5;153m started[0m
[97m2026-04-10 17:00:59.475[0m [93m[INFO ][0m [38;5;153m[UMTSPhy] Started – UARFCN=[92m10562[38;5;153m PSC=[92m0[38;5;153m DL=[92m2112.4 MHz[38;5;153m[0m
[97m2026-04-10 17:00:59.475[0m [93m[INFO ][0m [38;5;153m[UMTSMAC] Started – CellId=[92m102[38;5;153m PSC=[92m0[38;5;153m[0m
[97m2026-04-10 17:00:59.475[0m [93m[INFO ][0m [38;5;153m[UMTSStack] UMTS cell [92m102[38;5;153m started[0m
[97m2026-04-10 17:00:59.475[0m [93m[INFO ][0m [38;5;153m[LTEPhy] Started – EARFCN=[92m1800[38;5;153m PCI=[92m100[38;5;153m BW=[92m50[38;5;153m RBs DL=[92m1865 MHz[38;5;153m Antennas=[92m2[38;5;153m[0m
[97m2026-04-10 17:00:59.475[0m [93m[INFO ][0m [38;5;153m[LTEMAC] Started – CellId=[92m103[38;5;153m PCI=[92m100[38;5;153m RBs=[92m50[38;5;153m[0m
[97m2026-04-10 17:00:59.475[0m [93m[INFO ][0m [38;5;153m[LTEStack] LTE cell [92m103[38;5;153m started (PCI=[92m100[38;5;153m, BW=[92m50[38;5;153m RBs)[0m
[97m2026-04-10 17:00:59.510[0m [93m[INFO ][0m [38;5;153m[GSMMAC] Assigned channel RNTI=[92m1[38;5;153m slot=[92m1[38;5;153m type=[92m3[38;5;153m[0m
[97m2026-04-10 17:00:59.510[0m [93m[INFO ][0m [38;5;153m[GsmRR] Channel Request burst={:#[92m04[38;5;153mx} cause={} → RNTI={} TN={} ch={} IA len={}P[92m1[38;5;153mTCH/F[92m11[38;5;153m[0m
[97m2026-04-10 17:00:59.510[0m [93m[INFO ][0m [38;5;153m[GSMStack] UE admitted IMSI=[92m100000000000001[38;5;153m RNTI=[92m1[38;5;153m[0m
[97m2026-04-10 17:00:59.510[0m [93m[INFO ][0m [38;5;153m[GSMMAC] Assigned channel RNTI=[92m2[38;5;153m slot=[92m2[38;5;153m type=[92m3[38;5;153m[0m
[97m2026-04-10 17:00:59.510[0m [93m[INFO ][0m [38;5;153m[GsmRR] Channel Request burst={:#[92m04[38;5;153mx} cause={} → RNTI={} TN={} ch={} IA len={}P[92m2[38;5;153mTCH/F[92m11[38;5;153m[0m
[97m2026-04-10 17:00:59.510[0m [93m[INFO ][0m [38;5;153m[GSMStack] UE admitted IMSI=[92m100000000000002[38;5;153m RNTI=[92m2[38;5;153m[0m
[97m2026-04-10 17:00:59.510[0m [93m[INFO ][0m [38;5;153m[UMTSMAC] DCH assigned RNTI=[92m1[38;5;153m code=[92m4[38;5;153m SF=[92m16[38;5;153m[0m
[97m2026-04-10 17:00:59.510[0m [93m[INFO ][0m [38;5;153m[RRC] RRC Connection Setup → UE rnti={} imsi={} PDU len={}[92m12000000000000014[38;5;153m[0m
[97m2026-04-10 17:00:59.510[0m [93m[INFO ][0m [38;5;153m[UMTSStack] UE admitted IMSI=[92m200000000000001[38;5;153m RNTI=[92m1[38;5;153m[0m
[97m2026-04-10 17:00:59.510[0m [93m[INFO ][0m [38;5;153m[UMTSMAC] DCH assigned RNTI=[92m2[38;5;153m code=[92m5[38;5;153m SF=[92m8[38;5;153m[0m
[97m2026-04-10 17:00:59.510[0m [93m[INFO ][0m [38;5;153m[RRC] RRC Connection Setup → UE rnti={} imsi={} PDU len={}[92m22000000000000024[38;5;153m[0m
[97m2026-04-10 17:00:59.510[0m [93m[INFO ][0m [38;5;153m[UMTSStack] UE admitted IMSI=[92m200000000000002[38;5;153m RNTI=[92m2[38;5;153m[0m
[97m2026-04-10 17:00:59.511[0m [93m[INFO ][0m [38;5;153m[LTEMAC] UE admitted RNTI=[92m1[38;5;153m CQI=[92m12[38;5;153m[0m
[97m2026-04-10 17:00:59.511[0m [93m[INFO ][0m [38;5;153m[LteRRC] RRC Connection Setup → UE rnti={} imsi={} SRB[92m1[38;5;153m active PDU len={}[92m13000000000000015[38;5;153m[0m
[97m2026-04-10 17:00:59.511[0m [93m[INFO ][0m [38;5;153m[LTEStack] UE admitted IMSI=[92m300000000000001[38;5;153m RNTI=[92m1[38;5;153m CQI=[92m12[38;5;153m[0m
[97m2026-04-10 17:00:59.511[0m [93m[INFO ][0m [38;5;153m[LTEMAC] UE admitted RNTI=[92m2[38;5;153m CQI=[92m7[38;5;153m[0m
[97m2026-04-10 17:00:59.511[0m [93m[INFO ][0m [38;5;153m[LteRRC] RRC Connection Setup → UE rnti={} imsi={} SRB[92m1[38;5;153m active PDU len={}[92m23000000000000025[38;5;153m[0m
[97m2026-04-10 17:00:59.511[0m [93m[INFO ][0m [38;5;153m[LTEStack] UE admitted IMSI=[92m300000000000002[38;5;153m RNTI=[92m2[38;5;153m CQI=[92m7[38;5;153m[0m
[97m2026-04-10 17:00:59.572[0m [95m[WARN ][0m [38;5;153m[OMS] ALARM[[92m1[38;5;153m] MAJOR from GSM-Cell-[92m101[38;5;153m: VSWR high[0m
[97m2026-04-10 17:00:59.572[0m [95m[WARN ][0m [38;5;153m[OMS] ALARM[[92m2[38;5;153m] CRITICAL from UMTS-Cell-[92m102[38;5;153m: Clock unlock[0m
[97m2026-04-10 17:00:59.572[0m [95m[WARN ][0m [38;5;153m[OMS] ALARM[[92m3[38;5;153m] WARNING from LTE-Cell-[92m103[38;5;153m: TX power reduced[0m
[97m2026-04-10 17:00:59.572[0m [93m[INFO ][0m [38;5;153m[OMS] ALARM[[92m1[38;5;153m] cleared from GSM-Cell-[92m101[38;5;153m[0m
[97m2026-04-10 17:00:59.572[0m [93m[INFO ][0m [38;5;153m[GSMStack] Cell=[92m101[38;5;153m ARFCN=[92m60[38;5;153m UEs=[92m2[38;5;153m Frame=[92m1[38;5;153m[0m
[97m2026-04-10 17:00:59.572[0m [93m[INFO ][0m [38;5;153m[UMTSStack] Cell=[92m102[38;5;153m UARFCN=[92m10562[38;5;153m UEs=[92m2[38;5;153m Frame=[92m6[38;5;153m[0m
[97m2026-04-10 17:00:59.572[0m [93m[INFO ][0m [38;5;153m[LTEStack] Cell=[92m103[38;5;153m EARFCN=[92m1800[38;5;153m PCI=[92m100[38;5;153m UEs=[92m2[38;5;153m SFN=[92m0[38;5;153m[0m
[97m2026-04-10 17:00:59.572[0m [93m[INFO ][0m [38;5;153m[OMS] === Performance Report ===[0m
[97m2026-04-10 17:00:59.572[0m [93m[INFO ][0m [38;5;153m[OMS]   umts.connectedUEs = [92m2[38;5;153m UEs[0m
[97m2026-04-10 17:00:59.572[0m [93m[INFO ][0m [38;5;153m[OMS]   gsm.connectedUEs = [92m2[38;5;153m UEs[0m
[97m2026-04-10 17:00:59.572[0m [93m[INFO ][0m [38;5;153m[OMS]   lte.connectedUEs = [92m2[38;5;153m UEs[0m
[97m2026-04-10 17:00:59.572[0m [93m[INFO ][0m [38;5;153m[OMS]   Active alarms: [92m0[38;5;153m[0m
[97m2026-04-10 17:00:59.572[0m [93m[INFO ][0m [38;5;153m[GsmRR] Channel Release → UE rnti={} (was {}) PDU len={}[92m1[38;5;153mCONNECTION_PENDING[92m2[38;5;153m[0m
[97m2026-04-10 17:00:59.572[0m [93m[INFO ][0m [38;5;153m[GSMMAC] Released channel RNTI=[92m1[38;5;153m[0m
[97m2026-04-10 17:00:59.573[0m [93m[INFO ][0m [38;5;153m[GSMStack] UE released RNTI=[92m1[38;5;153m[0m
[97m2026-04-10 17:00:59.573[0m [93m[INFO ][0m [38;5;153m[GsmRR] Channel Release → UE rnti={} (was {}) PDU len={}[92m2[38;5;153mCONNECTION_PENDING[92m2[38;5;153m[0m
[97m2026-04-10 17:00:59.573[0m [93m[INFO ][0m [38;5;153m[GSMMAC] Released channel RNTI=[92m2[38;5;153m[0m
[97m2026-04-10 17:00:59.573[0m [93m[INFO ][0m [38;5;153m[GSMStack] UE released RNTI=[92m2[38;5;153m[0m
[97m2026-04-10 17:00:59.573[0m [93m[INFO ][0m [38;5;153m[RRC] RRC Connection Release → UE rnti={} (was {}) PDU len={}[92m1[38;5;153mCELL_DCH[92m3[38;5;153m[0m
[97m2026-04-10 17:00:59.573[0m [93m[INFO ][0m [38;5;153m[UMTSMAC] DCH released RNTI=[92m1[38;5;153m[0m
[97m2026-04-10 17:00:59.573[0m [93m[INFO ][0m [38;5;153m[UMTSStack] UE released RNTI=[92m1[38;5;153m[0m
[97m2026-04-10 17:00:59.573[0m [93m[INFO ][0m [38;5;153m[RRC] RRC Connection Release → UE rnti={} (was {}) PDU len={}[92m2[38;5;153mCELL_DCH[92m3[38;5;153m[0m
[97m2026-04-10 17:00:59.573[0m [93m[INFO ][0m [38;5;153m[UMTSMAC] DCH released RNTI=[92m2[38;5;153m[0m
[97m2026-04-10 17:00:59.573[0m [93m[INFO ][0m [38;5;153m[UMTSStack] UE released RNTI=[92m2[38;5;153m[0m
[97m2026-04-10 17:00:59.573[0m [93m[INFO ][0m [38;5;153m[LteRRC] RRC Connection Release → UE rnti={} PDU len={}[92m13[38;5;153m[0m
[97m2026-04-10 17:00:59.573[0m [93m[INFO ][0m [38;5;153m[LTEMAC] UE released RNTI=[92m1[38;5;153m[0m
[97m2026-04-10 17:00:59.573[0m [93m[INFO ][0m [38;5;153m[LTEStack] UE released RNTI=[92m1[38;5;153m[0m
[97m2026-04-10 17:00:59.573[0m [93m[INFO ][0m [38;5;153m[LteRRC] RRC Connection Release → UE rnti={} PDU len={}[92m23[38;5;153m[0m
[97m2026-04-10 17:00:59.573[0m [93m[INFO ][0m [38;5;153m[LTEMAC] UE released RNTI=[92m2[38;5;153m[0m
[97m2026-04-10 17:00:59.573[0m [93m[INFO ][0m [38;5;153m[LTEStack] UE released RNTI=[92m2[38;5;153m[0m
[97m2026-04-10 17:00:59.573[0m [93m[INFO ][0m [38;5;153m[OMS] Node state → SHUTTING_DOWN[0m
[97m2026-04-10 17:00:59.587[0m [93m[INFO ][0m [38;5;153m[LTEMAC] Stopped[0m
[97m2026-04-10 17:00:59.587[0m [93m[INFO ][0m [38;5;153m[LTEPhy] Stopped[0m
[97m2026-04-10 17:00:59.587[0m [93m[INFO ][0m [38;5;153m[LTEStack] LTE cell [92m103[38;5;153m stopped[0m
[97m2026-04-10 17:00:59.602[0m [93m[INFO ][0m [38;5;153m[UMTSMAC] Stopped[0m
[97m2026-04-10 17:00:59.602[0m [93m[INFO ][0m [38;5;153m[UMTSPhy] Stopped[0m
[97m2026-04-10 17:00:59.602[0m [93m[INFO ][0m [38;5;153m[UMTSStack] UMTS cell [92m102[38;5;153m stopped[0m
[97m2026-04-10 17:00:59.618[0m [93m[INFO ][0m [38;5;153m[GSMMAC] Stopped[0m
[97m2026-04-10 17:00:59.618[0m [93m[INFO ][0m [38;5;153m[GSMPhy] Stopped[0m
[97m2026-04-10 17:00:59.618[0m [93m[INFO ][0m [38;5;153m[GSMStack] GSM cell [92m101[38;5;153m stopped[0m
[97m2026-04-10 17:00:59.618[0m [93m[INFO ][0m [38;5;153m[RFHardware] Shutting down RF frontend[0m
[97m2026-04-10 17:00:59.618[0m [93m[INFO ][0m [38;5;153m[RFHardware] Shutting down RF frontend[0m
[97m2026-04-10 17:00:59.618[0m [93m[INFO ][0m [38;5;153m[RFHardware] Shutting down RF frontend[0m
[97m2026-04-10 17:00:59.618[0m [93m[INFO ][0m [38;5;153m[OMS] Node state → LOCKED[0m
test_integration PASSED
<end of output>
Test time =   0.16 sec
----------------------------------------------------------
Test Passed.
"test_integration" end time: Apr 10 17:00 RTZ 2 (����)
"test_integration" time elapsed: 00:00:00
----------------------------------------------------------

27/28 Testing: test_mobility
27/28 Test: test_mobility
Command: "C:/Users/Alexey/Desktop/min/vNE/RBS/RBS/build-asn1/tests/Debug/test_mobility.exe"
Directory: C:/Users/Alexey/Desktop/min/vNE/RBS/RBS/build-asn1/tests
"test_mobility" start time: Apr 10 17:00 RTZ 2 (����)
Output:
----------------------------------------------------------
=== test_mobility ===
  PASS testRegisterLookupUnregister
  PASS testMultipleUEs
[97m2026-04-10 17:00:59.634[0m [93m[INFO ][0m [38;5;153m[Mobility] Inter-RAT HO complete IMSI=[92m311480000000001[38;5;153m LTE -> GSM newRNTI=[92m66[38;5;153m (total HOs=[92m1[38;5;153m)[0m
  PASS testSuccessfulHandover
[97m2026-04-10 17:00:59.635[0m [91m[ERROR][0m [38;5;153m[Mobility] triggerHandover: HO callback returned [92m0[38;5;153m for IMSI=[92m311480000000001[38;5;153m[0m
  PASS testHandoverFailure
[97m2026-04-10 17:00:59.635[0m [91m[ERROR][0m [38;5;153m[Mobility] triggerHandover: IMSI=[92m311480000000001[38;5;153m not registered[0m
  PASS testHandoverUnknownUE
  PASS testHandoverSameRAT
[97m2026-04-10 17:00:59.635[0m [93m[INFO ][0m [38;5;153m[Mobility] Inter-RAT HO complete IMSI=[92m311480000000001[38;5;153m LTE -> UMTS newRNTI=[92m2[38;5;153m (total HOs=[92m1[38;5;153m)[0m
[97m2026-04-10 17:00:59.635[0m [93m[INFO ][0m [38;5;153m[Mobility] Inter-RAT HO complete IMSI=[92m311480000000001[38;5;153m UMTS -> GSM newRNTI=[92m3[38;5;153m (total HOs=[92m2[38;5;153m)[0m
  PASS testChainedHandovers
[97m2026-04-10 17:00:59.635[0m [93m[INFO ][0m [38;5;153m[Mobility] Inter-RAT HO complete IMSI=[92m311480000000001[38;5;153m LTE -> GSM newRNTI=[92m10[38;5;153m (total HOs=[92m1[38;5;153m)[0m
  PASS testReset
[97m2026-04-10 17:00:59.635[0m [93m[INFO ][0m [38;5;153m[Mobility] Inter-RAT HO complete IMSI=[92m311480000000001[38;5;153m LTE -> GSM newRNTI=[92m10[38;5;153m (total HOs=[92m1[38;5;153m)[0m
[97m2026-04-10 17:00:59.635[0m [93m[INFO ][0m [38;5;153m[Mobility] Inter-RAT HO complete IMSI=[92m311480000000002[38;5;153m LTE -> UMTS newRNTI=[92m11[38;5;153m (total HOs=[92m2[38;5;153m)[0m
  PASS testOMSCounterIntegration
test_mobility PASSED
<end of output>
Test time =   0.02 sec
----------------------------------------------------------
Test Passed.
"test_mobility" end time: Apr 10 17:00 RTZ 2 (����)
"test_mobility" time elapsed: 00:00:00
----------------------------------------------------------

28/28 Testing: test_son
28/28 Test: test_son
Command: "C:/Users/Alexey/Desktop/min/vNE/RBS/RBS/build-asn1/tests/Debug/test_son.exe"
Directory: C:/Users/Alexey/Desktop/min/vNE/RBS/RBS/build-asn1/tests
"test_son" start time: Apr 10 17:00 RTZ 2 (����)
Output:
----------------------------------------------------------
=== test_son ===
  PASS testANR_addAndGet
  PASS testANR_overwrite
  PASS testANR_remove
[97m2026-04-10 17:00:59.753[0m [93m[INFO ][0m [38;5;153m[SON/ANR] Cell [92m100[38;5;153m: auto-discovered neighbour [92m101[38;5;153m (LTE) via IMSI=[92m310150000000001[38;5;153m RSRP=-[92m95[38;5;153m dBm[0m
[97m2026-04-10 17:00:59.754[0m [93m[INFO ][0m [38;5;153m[SON/ANR] Cell [92m100[38;5;153m: auto-discovered neighbour [92m200[38;5;153m (GSM) via IMSI=[92m310150000000001[38;5;153m RSRP=-[92m85[38;5;153m dBm[0m
  PASS testANR_autoDiscover
  PASS testMLB_updateAndGet
  PASS testMLB_isOverloaded
[97m2026-04-10 17:00:59.754[0m [93m[INFO ][0m [38;5;153m[SON/MLB] Offload candidate for cell [92m100[38;5;153m → cell [92m101[38;5;153m (DL=(%)[0m
[97m2026-04-10 17:00:59.754[0m [93m[INFO ][0m [38;5;153m[SON/MLB] Offload candidate for cell [92m100[38;5;153m → cell [92m102[38;5;153m (DL=%)[0m
  PASS testMLB_bestNeighbourForOffload
  PASS testMRO_statsAccumulation
[97m2026-04-10 17:00:59.754[0m [93m[INFO ][0m [38;5;153m[SON/MRO] Cell [92m100[38;5;153m→[92m101[38;5;153m HO SR=[92m1[38;5;153m > [92m0.95[38;5;153m → A[92m3[38;5;153m offset +[92m2[38;5;153m dB[0m
[97m2026-04-10 17:00:59.754[0m [93m[INFO ][0m [38;5;153m[SON/MRO] Cell [92m101[38;5;153m→[92m102[38;5;153m HO SR=[92m0.2[38;5;153m < [92m0.80[38;5;153m → A[92m3[38;5;153m offset -[92m2[38;5;153m dB[0m
[97m2026-04-10 17:00:59.754[0m [93m[INFO ][0m [38;5;153m[SON/MRO] Cell [92m200[38;5;153m→[92m100[38;5;153m HO SR=[92m1[38;5;153m > [92m0.95[38;5;153m → A[92m3[38;5;153m offset +[92m2[38;5;153m dB[0m
  PASS testMRO_a3OffsetDelta
  PASS testReset
[97m2026-04-10 17:00:59.754[0m [93m[INFO ][0m [38;5;153m[SON/MLB] Offload candidate for cell [92m100[38;5;153m → cell [92m101[38;5;153m (DL=#%)[0m
[97m2026-04-10 17:00:59.754[0m [93m[INFO ][0m [38;5;153m[SON/MRO] Cell [92m100[38;5;153m→[92m101[38;5;153m HO SR=[92m1[38;5;153m > [92m0.95[38;5;153m → A[92m3[38;5;153m offset +[92m2[38;5;153m dB[0m
  PASS testScenario_overloadedCellOffload
[97m2026-04-10 17:00:59.754[0m [93m[INFO ][0m [38;5;153m[SON/ANR] Cell [92m100[38;5;153m: auto-discovered neighbour [92m200[38;5;153m (GSM) via IMSI=[92m310150000000001[38;5;153m RSRP=-[92m88[38;5;153m dBm[0m
[97m2026-04-10 17:00:59.754[0m [93m[INFO ][0m [38;5;153m[SON/ANR] Cell [92m100[38;5;153m: auto-discovered neighbour [92m201[38;5;153m (UMTS) via IMSI=[92m310150000000002[38;5;153m RSRP=-[92m92[38;5;153m dBm[0m
  PASS testScenario_interRatANR
test_son PASSED
<end of output>
Test time =   0.07 sec
----------------------------------------------------------
Test Passed.
"test_son" end time: Apr 10 17:00 RTZ 2 (����)
"test_son" time elapsed: 00:00:00
----------------------------------------------------------

End testing: Apr 10 17:00 RTZ 2 (����)
